  [1m[35m (5.2ms)[0m  [1m[35mCREATE DATABASE `task_manager_development` DEFAULT CHARACTER SET `utf8mb4`[0m
  [1m[35m (6.1ms)[0m  [1m[35mCREATE DATABASE `task_manager_test` DEFAULT CHARACTER SET `utf8mb4`[0m
Started GET "/" for ::1 at 2023-05-15 05:58:31 +0530
Processing by Rails::WelcomeController#index as HTML
  Rendering /home/seetaram/.asdf/installs/ruby/3.1.2/lib64/ruby/gems/3.1.0/gems/railties-7.0.4.3/lib/rails/templates/rails/welcome/index.html.erb
  Rendered /home/seetaram/.asdf/installs/ruby/3.1.2/lib64/ruby/gems/3.1.0/gems/railties-7.0.4.3/lib/rails/templates/rails/welcome/index.html.erb (Duration: 2.3ms | Allocations: 638)
Completed 200 OK in 15ms (Views: 6.6ms | ActiveRecord: 0.0ms | Allocations: 5112)


Started GET "/main" for ::1 at 2023-05-15 20:11:35 +0530
  
ActionController::RoutingError (No route matches [GET] "/main"):
  
Started GET "/main/index" for ::1 at 2023-05-15 20:11:43 +0530
Processing by MainController#index as HTML
  Rendering layout layouts/application.html.erb
  Rendering main/index.html.erb within layouts/application
  Rendered main/index.html.erb within layouts/application (Duration: 0.4ms | Allocations: 124)
  Rendered layout layouts/application.html.erb (Duration: 310.5ms | Allocations: 92042)
Completed 200 OK in 317ms (Views: 312.2ms | ActiveRecord: 0.0ms | Allocations: 94314)


Started GET "/main/index" for ::1 at 2023-05-15 20:12:25 +0530
Processing by MainController#index as HTML
  Rendering layout layouts/application.html.erb
  Rendering main/index.html.erb within layouts/application
  Rendered main/index.html.erb within layouts/application (Duration: 0.7ms | Allocations: 129)
  Rendered layout layouts/application.html.erb (Duration: 6.0ms | Allocations: 3038)
Completed 200 OK in 9ms (Views: 8.3ms | ActiveRecord: 0.0ms | Allocations: 3898)


Started GET "/main/index" for ::1 at 2023-05-15 20:36:29 +0530
Processing by MainController#index as HTML
  Rendering layout layouts/application.html.erb
  Rendering main/index.html.erb within layouts/application
  Rendered main/index.html.erb within layouts/application (Duration: 0.1ms | Allocations: 12)
  Rendered layout layouts/application.html.erb (Duration: 15.4ms | Allocations: 14178)
Completed 200 OK in 18ms (Views: 17.3ms | Allocations: 14815)


Started GET "/" for ::1 at 2023-05-15 20:36:37 +0530
Processing by MainController#index as HTML
  Rendering layout layouts/application.html.erb
  Rendering main/index.html.erb within layouts/application
  Rendered main/index.html.erb within layouts/application (Duration: 0.1ms | Allocations: 7)
  Rendered layout layouts/application.html.erb (Duration: 3.7ms | Allocations: 2414)
Completed 200 OK in 5ms (Views: 4.3ms | Allocations: 2693)


Started GET "/about" for ::1 at 2023-05-15 20:36:45 +0530
  
ActionController::RoutingError (No route matches [GET] "/about"):
  
Started GET "/about" for ::1 at 2023-05-15 20:37:45 +0530
Processing by MainController#index as HTML
  Rendering layout layouts/application.html.erb
  Rendering main/index.html.erb within layouts/application
  Rendered main/index.html.erb within layouts/application (Duration: 0.1ms | Allocations: 12)
  Rendered layout layouts/application.html.erb (Duration: 16.3ms | Allocations: 14159)
Completed 200 OK in 18ms (Views: 17.7ms | Allocations: 14796)


Started GET "/about" for ::1 at 2023-05-15 21:08:34 +0530
Processing by MainController#index as HTML
  Rendering layout layouts/application.html.erb
  Rendering main/index.html.erb within layouts/application
  Rendered main/index.html.erb within layouts/application (Duration: 0.5ms | Allocations: 126)
  Rendered layout layouts/application.html.erb (Duration: 5.7ms | Allocations: 3017)
Completed 200 OK in 8ms (Views: 7.4ms | Allocations: 3888)


Started GET "/about" for ::1 at 2023-05-15 21:08:43 +0530
Processing by MainController#index as HTML
  Rendering layout layouts/application.html.erb
  Rendering main/index.html.erb within layouts/application
  Rendered main/index.html.erb within layouts/application (Duration: 0.0ms | Allocations: 7)
  Rendered layout layouts/application.html.erb (Duration: 3.0ms | Allocations: 2418)
Completed 200 OK in 4ms (Views: 3.5ms | Allocations: 2693)


Started GET "/about" for ::1 at 2023-05-15 21:11:27 +0530
Processing by MainController#about as HTML
  Rendering layout layouts/application.html.erb
  Rendering main/about.html.erb within layouts/application
  Rendered main/about.html.erb within layouts/application (Duration: 0.4ms | Allocations: 126)
  Rendered layout layouts/application.html.erb (Duration: 15.5ms | Allocations: 14485)
Completed 200 OK in 18ms (Views: 17.1ms | Allocations: 15460)


Started GET "/about" for ::1 at 2023-05-15 21:13:28 +0530
Processing by MainController#about as HTML
  Rendering layout layouts/application.html.erb
  Rendering main/index.html.erb within layouts/application
  Rendered main/index.html.erb within layouts/application (Duration: 0.4ms | Allocations: 123)
  Rendered layout layouts/application.html.erb (Duration: 13.8ms | Allocations: 14204)
Completed 200 OK in 15ms (Views: 15.0ms | Allocations: 14890)


Started GET "/about" for ::1 at 2023-05-15 21:13:42 +0530
Processing by MainController#about as HTML
  Rendering layout layouts/application.html.erb
  Rendering main/about.html.erb within layouts/application
  Rendered main/about.html.erb within layouts/application (Duration: 0.1ms | Allocations: 12)
  Rendered layout layouts/application.html.erb (Duration: 14.5ms | Allocations: 14174)
Completed 200 OK in 16ms (Views: 15.6ms | Allocations: 14808)


